2021-09-05 19:22:30.029 UTC [2710] LOG:  listening on IPv6 address "::1", port 5432
2021-09-05 19:22:30.029 UTC [2710] LOG:  listening on IPv4 address "127.0.0.1", port 5432
2021-09-05 19:22:30.030 UTC [2710] LOG:  listening on Unix socket "/var/run/postgresql/.s.PGSQL.5432"
2021-09-05 19:22:30.042 UTC [2711] LOG:  database system was shut down at 2021-09-05 19:22:29 UTC
2021-09-05 19:22:30.047 UTC [2710] LOG:  database system is ready to accept connections
2021-09-05 19:22:30.619 UTC [2718] [unknown]@[unknown] LOG:  incomplete startup packet
2021-09-05 19:23:56.847 UTC [4074] postgres@postgres FATAL:  password authentication failed for user "postgres"
2021-09-05 19:23:56.847 UTC [4074] postgres@postgres DETAIL:  User "postgres" has no password assigned.
	Connection matched pg_hba.conf line 94: "host    all             all             ::1/128                 md5"
2021-09-05 19:24:36.561 UTC [4101] root@root FATAL:  role "root" does not exist
2021-09-05 19:24:52.985 UTC [4135] root@root FATAL:  role "root" does not exist
2021-09-05 19:35:52.568 UTC [6101] postgres@postgres FATAL:  password authentication failed for user "postgres"
2021-09-05 19:35:52.568 UTC [6101] postgres@postgres DETAIL:  User "postgres" has no password assigned.
	Connection matched pg_hba.conf line 94: "host    all             all             ::1/128                 md5"
2021-09-05 19:36:07.939 UTC [6202] postgres@postgres FATAL:  password authentication failed for user "postgres"
2021-09-05 19:36:07.939 UTC [6202] postgres@postgres DETAIL:  User "postgres" has no password assigned.
	Connection matched pg_hba.conf line 94: "host    all             all             ::1/128                 md5"
2021-09-05 19:39:17.053 UTC [2710] LOG:  received fast shutdown request
2021-09-05 19:39:17.054 UTC [2710] LOG:  aborting any active transactions
2021-09-05 19:39:17.057 UTC [2710] LOG:  background worker "logical replication launcher" (PID 2717) exited with exit code 1
2021-09-05 19:39:17.063 UTC [2712] LOG:  shutting down
2021-09-05 19:39:17.072 UTC [2710] LOG:  database system is shut down
2021-09-05 19:39:17.231 UTC [6345] LOG:  listening on IPv6 address "::1", port 5432
2021-09-05 19:39:17.231 UTC [6345] LOG:  listening on IPv4 address "127.0.0.1", port 5432
2021-09-05 19:39:17.232 UTC [6345] LOG:  listening on Unix socket "/var/run/postgresql/.s.PGSQL.5432"
2021-09-05 19:39:17.251 UTC [6346] LOG:  database system was shut down at 2021-09-05 19:39:17 UTC
2021-09-05 19:39:17.257 UTC [6345] LOG:  database system is ready to accept connections
2021-09-05 19:39:17.820 UTC [6353] [unknown]@[unknown] LOG:  incomplete startup packet
2021-09-05 19:39:20.830 UTC [6392] root@root FATAL:  role "root" does not exist
2021-09-05 19:40:57.766 UTC [6345] LOG:  received fast shutdown request
2021-09-05 19:40:57.767 UTC [6345] LOG:  aborting any active transactions
2021-09-05 19:40:57.770 UTC [6345] LOG:  background worker "logical replication launcher" (PID 6352) exited with exit code 1
2021-09-05 19:40:57.775 UTC [6347] LOG:  shutting down
2021-09-05 19:40:57.782 UTC [6345] LOG:  database system is shut down
2021-09-05 19:40:57.942 UTC [6438] LOG:  listening on IPv6 address "::1", port 5432
2021-09-05 19:40:57.942 UTC [6438] LOG:  listening on IPv4 address "127.0.0.1", port 5432
2021-09-05 19:40:57.942 UTC [6438] LOG:  listening on Unix socket "/var/run/postgresql/.s.PGSQL.5432"
2021-09-05 19:40:57.958 UTC [6438] LOG:  peer authentication is only supported on local sockets
2021-09-05 19:40:57.958 UTC [6438] CONTEXT:  line 92 of configuration file "/etc/postgresql/11/main/pg_hba.conf"
2021-09-05 19:40:57.958 UTC [6438] FATAL:  could not load pg_hba.conf
2021-09-05 19:40:57.959 UTC [6438] LOG:  database system is shut down
pg_ctl: could not start server
Examine the log output.
2021-09-05 19:41:45.271 UTC [6584] LOG:  listening on IPv6 address "::1", port 5432
2021-09-05 19:41:45.271 UTC [6584] LOG:  listening on IPv4 address "127.0.0.1", port 5432
2021-09-05 19:41:45.272 UTC [6584] LOG:  listening on Unix socket "/var/run/postgresql/.s.PGSQL.5432"
2021-09-05 19:41:45.284 UTC [6584] LOG:  peer authentication is only supported on local sockets
2021-09-05 19:41:45.284 UTC [6584] CONTEXT:  line 92 of configuration file "/etc/postgresql/11/main/pg_hba.conf"
2021-09-05 19:41:45.284 UTC [6584] FATAL:  could not load pg_hba.conf
2021-09-05 19:41:45.286 UTC [6584] LOG:  database system is shut down
pg_ctl: could not start server
Examine the log output.
2021-09-05 19:42:09.882 UTC [6721] LOG:  listening on IPv6 address "::1", port 5432
2021-09-05 19:42:09.882 UTC [6721] LOG:  listening on IPv4 address "127.0.0.1", port 5432
2021-09-05 19:42:09.882 UTC [6721] LOG:  listening on Unix socket "/var/run/postgresql/.s.PGSQL.5432"
2021-09-05 19:42:09.898 UTC [6721] LOG:  peer authentication is only supported on local sockets
2021-09-05 19:42:09.898 UTC [6721] CONTEXT:  line 92 of configuration file "/etc/postgresql/11/main/pg_hba.conf"
2021-09-05 19:42:09.898 UTC [6721] FATAL:  could not load pg_hba.conf
2021-09-05 19:42:09.899 UTC [6721] LOG:  database system is shut down
pg_ctl: could not start server
Examine the log output.
2021-09-05 19:44:18.325 UTC [6935] LOG:  listening on IPv4 address "0.0.0.0", port 5432
2021-09-05 19:44:18.325 UTC [6935] LOG:  listening on IPv6 address "::", port 5432
2021-09-05 19:44:18.326 UTC [6935] LOG:  listening on Unix socket "/var/run/postgresql/.s.PGSQL.5432"
2021-09-05 19:44:18.348 UTC [6935] LOG:  peer authentication is only supported on local sockets
2021-09-05 19:44:18.348 UTC [6935] CONTEXT:  line 92 of configuration file "/etc/postgresql/11/main/pg_hba.conf"
2021-09-05 19:44:18.348 UTC [6935] FATAL:  could not load pg_hba.conf
2021-09-05 19:44:18.350 UTC [6935] LOG:  database system is shut down
pg_ctl: could not start server
Examine the log output.
2021-09-05 19:47:17.956 UTC [7052] LOG:  listening on IPv4 address "0.0.0.0", port 5432
2021-09-05 19:47:17.956 UTC [7052] LOG:  listening on IPv6 address "::", port 5432
2021-09-05 19:47:17.957 UTC [7052] LOG:  listening on Unix socket "/var/run/postgresql/.s.PGSQL.5432"
2021-09-05 19:47:17.989 UTC [7053] LOG:  database system was shut down at 2021-09-05 19:40:57 UTC
2021-09-05 19:47:17.995 UTC [7052] LOG:  database system is ready to accept connections
2021-09-05 19:47:18.541 UTC [7060] [unknown]@[unknown] LOG:  incomplete startup packet
2021-09-05 19:47:29.639 UTC [7190] postgres@postgres FATAL:  password authentication failed for user "postgres"
2021-09-05 19:47:29.639 UTC [7190] postgres@postgres DETAIL:  User "postgres" has no password assigned.
	Connection matched pg_hba.conf line 94: "host    all             all             ::1/128                 md5"
2021-09-05 19:47:47.811 UTC [7293] postgres@postgres FATAL:  password authentication failed for user "postgres"
2021-09-05 19:47:47.811 UTC [7293] postgres@postgres DETAIL:  User "postgres" has no password assigned.
	Connection matched pg_hba.conf line 94: "host    all             all             ::1/128                 md5"
2021-09-05 19:48:04.924 UTC [7312] root@root FATAL:  role "root" does not exist
2021-09-05 19:48:15.286 UTC [7346] root@postgres@ FATAL:  role "root" does not exist
2021-09-05 19:51:15.371 UTC [7520] postgres@postgres ERROR:  relation "alembic_version" does not exist at character 15
2021-09-05 19:51:15.371 UTC [7520] postgres@postgres STATEMENT:  select 1 from alembic_version
2021-09-05 19:56:51.901 UTC [7052] LOG:  received fast shutdown request
2021-09-05 19:56:51.903 UTC [7052] LOG:  aborting any active transactions
2021-09-05 19:56:51.913 UTC [7052] LOG:  background worker "logical replication launcher" (PID 7059) exited with exit code 1
2021-09-05 19:56:51.913 UTC [7054] LOG:  shutting down
2021-09-05 19:56:51.928 UTC [7052] LOG:  database system is shut down
