May 29 00:00:50 vultr systemd[1]: logrotate.service: Succeeded.
May 29 00:00:50 vultr systemd[1]: Started Rotate log files.
May 29 00:04:31 vultr dockerd[433]: time="2022-05-29T00:04:31.685850585Z" level=info msg="NetworkDB stats vultr.guest(55c52e6b8c07) - netID:0rz6hg0qghb21juyqti61umko leaving:false netPeers:1 entries:2 Queue qLen:0 netMsg/s:0"
May 29 00:09:01 vultr systemd[1]: Starting Clean php session files...
May 29 00:09:02 vultr systemd[1]: phpsessionclean.service: Succeeded.
May 29 00:09:02 vultr systemd[1]: Started Clean php session files.
May 29 00:09:31 vultr dockerd[433]: time="2022-05-29T00:09:31.885708081Z" level=info msg="NetworkDB stats vultr.guest(55c52e6b8c07) - netID:0rz6hg0qghb21juyqti61umko leaving:false netPeers:1 entries:2 Queue qLen:0 netMsg/s:0"
May 29 00:14:32 vultr dockerd[433]: time="2022-05-29T00:14:32.085704266Z" level=info msg="NetworkDB stats vultr.guest(55c52e6b8c07) - netID:0rz6hg0qghb21juyqti61umko leaving:false netPeers:1 entries:2 Queue qLen:0 netMsg/s:0"
May 29 00:19:32 vultr dockerd[433]: time="2022-05-29T00:19:32.286375677Z" level=info msg="NetworkDB stats vultr.guest(55c52e6b8c07) - netID:0rz6hg0qghb21juyqti61umko leaving:false netPeers:1 entries:2 Queue qLen:0 netMsg/s:0"
May 29 00:24:32 vultr dockerd[433]: time="2022-05-29T00:24:32.485819524Z" level=info msg="NetworkDB stats vultr.guest(55c52e6b8c07) - netID:0rz6hg0qghb21juyqti61umko leaving:false netPeers:1 entries:2 Queue qLen:0 netMsg/s:0"
May 29 00:29:32 vultr dockerd[433]: time="2022-05-29T00:29:32.685715535Z" level=info msg="NetworkDB stats vultr.guest(55c52e6b8c07) - netID:0rz6hg0qghb21juyqti61umko leaving:false netPeers:1 entries:2 Queue qLen:0 netMsg/s:0"
May 29 00:34:32 vultr dockerd[433]: time="2022-05-29T00:34:32.885745538Z" level=info msg="NetworkDB stats vultr.guest(55c52e6b8c07) - netID:0rz6hg0qghb21juyqti61umko leaving:false netPeers:1 entries:2 Queue qLen:0 netMsg/s:0"
May 29 00:39:01 vultr systemd[1]: Starting Clean php session files...
May 29 00:39:01 vultr systemd[1]: phpsessionclean.service: Succeeded.
May 29 00:39:01 vultr systemd[1]: Started Clean php session files.
May 29 00:39:33 vultr dockerd[433]: time="2022-05-29T00:39:33.085665966Z" level=info msg="NetworkDB stats vultr.guest(55c52e6b8c07) - netID:0rz6hg0qghb21juyqti61umko leaving:false netPeers:1 entries:2 Queue qLen:0 netMsg/s:0"
May 29 00:39:39 vultr dhclient[809]: DHCPREQUEST for 158.247.223.84 on ens3 to 169.254.169.254 port 67
May 29 00:39:39 vultr dhclient[809]: DHCPACK of 158.247.223.84 from 169.254.169.254
May 29 00:39:39 vultr dhclient[809]: bound to 158.247.223.84 -- renewal in 38781 seconds.
May 29 00:44:33 vultr dockerd[433]: time="2022-05-29T00:44:33.285718014Z" level=info msg="NetworkDB stats vultr.guest(55c52e6b8c07) - netID:0rz6hg0qghb21juyqti61umko leaving:false netPeers:1 entries:2 Queue qLen:0 netMsg/s:0"
May 29 00:49:33 vultr dockerd[433]: time="2022-05-29T00:49:33.485686587Z" level=info msg="NetworkDB stats vultr.guest(55c52e6b8c07) - netID:0rz6hg0qghb21juyqti61umko leaving:false netPeers:1 entries:2 Queue qLen:0 netMsg/s:0"
May 29 00:54:33 vultr dockerd[433]: time="2022-05-29T00:54:33.685704788Z" level=info msg="NetworkDB stats vultr.guest(55c52e6b8c07) - netID:0rz6hg0qghb21juyqti61umko leaving:false netPeers:1 entries:2 Queue qLen:0 netMsg/s:0"
May 29 00:59:33 vultr dockerd[433]: time="2022-05-29T00:59:33.885771718Z" level=info msg="NetworkDB stats vultr.guest(55c52e6b8c07) - netID:0rz6hg0qghb21juyqti61umko leaving:false netPeers:1 entries:2 Queue qLen:0 netMsg/s:0"
May 29 01:04:34 vultr dockerd[433]: time="2022-05-29T01:04:34.085737230Z" level=info msg="NetworkDB stats vultr.guest(55c52e6b8c07) - netID:0rz6hg0qghb21juyqti61umko leaving:false netPeers:1 entries:2 Queue qLen:0 netMsg/s:0"
May 29 01:09:01 vultr systemd[1]: Starting Clean php session files...
May 29 01:09:01 vultr systemd[1]: phpsessionclean.service: Succeeded.
May 29 01:09:01 vultr systemd[1]: Started Clean php session files.
May 29 01:09:34 vultr dockerd[433]: time="2022-05-29T01:09:34.285673408Z" level=info msg="NetworkDB stats vultr.guest(55c52e6b8c07) - netID:0rz6hg0qghb21juyqti61umko leaving:false netPeers:1 entries:2 Queue qLen:0 netMsg/s:0"
May 29 01:14:34 vultr dockerd[433]: time="2022-05-29T01:14:34.485673120Z" level=info msg="NetworkDB stats vultr.guest(55c52e6b8c07) - netID:0rz6hg0qghb21juyqti61umko leaving:false netPeers:1 entries:2 Queue qLen:0 netMsg/s:0"
May 29 01:15:10 vultr systemd[1]: Starting Daily apt download activities...
May 29 01:15:16 vultr systemd[1]: apt-daily.service: Succeeded.
May 29 01:15:16 vultr systemd[1]: Started Daily apt download activities.
May 29 01:19:34 vultr dockerd[433]: time="2022-05-29T01:19:34.685702822Z" level=info msg="NetworkDB stats vultr.guest(55c52e6b8c07) - netID:0rz6hg0qghb21juyqti61umko leaving:false netPeers:1 entries:2 Queue qLen:0 netMsg/s:0"
May 29 01:24:34 vultr dockerd[433]: time="2022-05-29T01:24:34.885681679Z" level=info msg="NetworkDB stats vultr.guest(55c52e6b8c07) - netID:0rz6hg0qghb21juyqti61umko leaving:false netPeers:1 entries:2 Queue qLen:0 netMsg/s:0"
May 29 01:29:35 vultr dockerd[433]: time="2022-05-29T01:29:35.086120289Z" level=info msg="NetworkDB stats vultr.guest(55c52e6b8c07) - netID:0rz6hg0qghb21juyqti61umko leaving:false netPeers:1 entries:2 Queue qLen:0 netMsg/s:0"
May 29 01:34:35 vultr dockerd[433]: time="2022-05-29T01:34:35.285670063Z" level=info msg="NetworkDB stats vultr.guest(55c52e6b8c07) - netID:0rz6hg0qghb21juyqti61umko leaving:false netPeers:1 entries:2 Queue qLen:0 netMsg/s:0"
May 29 01:39:01 vultr systemd[1]: Starting Clean php session files...
May 29 01:39:01 vultr systemd[1]: phpsessionclean.service: Succeeded.
May 29 01:39:01 vultr systemd[1]: Started Clean php session files.
May 29 01:39:35 vultr dockerd[433]: time="2022-05-29T01:39:35.485758420Z" level=info msg="NetworkDB stats vultr.guest(55c52e6b8c07) - netID:0rz6hg0qghb21juyqti61umko leaving:false netPeers:1 entries:2 Queue qLen:0 netMsg/s:0"
May 29 01:44:35 vultr dockerd[433]: time="2022-05-29T01:44:35.686232661Z" level=info msg="NetworkDB stats vultr.guest(55c52e6b8c07) - netID:0rz6hg0qghb21juyqti61umko leaving:false netPeers:1 entries:2 Queue qLen:0 netMsg/s:0"
May 29 01:49:35 vultr dockerd[433]: time="2022-05-29T01:49:35.886200101Z" level=info msg="NetworkDB stats vultr.guest(55c52e6b8c07) - netID:0rz6hg0qghb21juyqti61umko leaving:false netPeers:1 entries:2 Queue qLen:0 netMsg/s:0"
May 29 01:54:36 vultr dockerd[433]: time="2022-05-29T01:54:36.085694959Z" level=info msg="NetworkDB stats vultr.guest(55c52e6b8c07) - netID:0rz6hg0qghb21juyqti61umko leaving:false netPeers:1 entries:2 Queue qLen:0 netMsg/s:0"
May 29 01:59:36 vultr dockerd[433]: time="2022-05-29T01:59:36.285697820Z" level=info msg="NetworkDB stats vultr.guest(55c52e6b8c07) - netID:0rz6hg0qghb21juyqti61umko leaving:false netPeers:1 entries:2 Queue qLen:0 netMsg/s:0"
May 29 02:04:36 vultr dockerd[433]: time="2022-05-29T02:04:36.485839900Z" level=info msg="NetworkDB stats vultr.guest(55c52e6b8c07) - netID:0rz6hg0qghb21juyqti61umko leaving:false netPeers:1 entries:2 Queue qLen:0 netMsg/s:0"
May 29 02:09:01 vultr systemd[1]: Starting Clean php session files...
May 29 02:09:01 vultr systemd[1]: phpsessionclean.service: Succeeded.
May 29 02:09:01 vultr systemd[1]: Started Clean php session files.
May 29 02:09:36 vultr dockerd[433]: time="2022-05-29T02:09:36.685718392Z" level=info msg="NetworkDB stats vultr.guest(55c52e6b8c07) - netID:0rz6hg0qghb21juyqti61umko leaving:false netPeers:1 entries:2 Queue qLen:0 netMsg/s:0"
May 29 02:14:36 vultr dockerd[433]: time="2022-05-29T02:14:36.885729542Z" level=info msg="NetworkDB stats vultr.guest(55c52e6b8c07) - netID:0rz6hg0qghb21juyqti61umko leaving:false netPeers:1 entries:2 Queue qLen:0 netMsg/s:0"
May 29 02:19:37 vultr dockerd[433]: time="2022-05-29T02:19:37.085713328Z" level=info msg="NetworkDB stats vultr.guest(55c52e6b8c07) - netID:0rz6hg0qghb21juyqti61umko leaving:false netPeers:1 entries:2 Queue qLen:0 netMsg/s:0"
May 29 02:24:37 vultr dockerd[433]: time="2022-05-29T02:24:37.285638363Z" level=info msg="NetworkDB stats vultr.guest(55c52e6b8c07) - netID:0rz6hg0qghb21juyqti61umko leaving:false netPeers:1 entries:2 Queue qLen:0 netMsg/s:0"
May 29 02:29:37 vultr dockerd[433]: time="2022-05-29T02:29:37.485669977Z" level=info msg="NetworkDB stats vultr.guest(55c52e6b8c07) - netID:0rz6hg0qghb21juyqti61umko leaving:false netPeers:1 entries:2 Queue qLen:0 netMsg/s:0"
May 29 02:34:37 vultr dockerd[433]: time="2022-05-29T02:34:37.685721866Z" level=info msg="NetworkDB stats vultr.guest(55c52e6b8c07) - netID:0rz6hg0qghb21juyqti61umko leaving:false netPeers:1 entries:2 Queue qLen:0 netMsg/s:0"
May 29 02:39:01 vultr systemd[1]: Starting Clean php session files...
May 29 02:39:01 vultr systemd[1]: phpsessionclean.service: Succeeded.
May 29 02:39:01 vultr systemd[1]: Started Clean php session files.
May 29 02:39:37 vultr dockerd[433]: time="2022-05-29T02:39:37.885719122Z" level=info msg="NetworkDB stats vultr.guest(55c52e6b8c07) - netID:0rz6hg0qghb21juyqti61umko leaving:false netPeers:1 entries:2 Queue qLen:0 netMsg/s:0"
May 29 02:44:38 vultr dockerd[433]: time="2022-05-29T02:44:38.085713948Z" level=info msg="NetworkDB stats vultr.guest(55c52e6b8c07) - netID:0rz6hg0qghb21juyqti61umko leaving:false netPeers:1 entries:2 Queue qLen:0 netMsg/s:0"
May 29 02:49:38 vultr dockerd[433]: time="2022-05-29T02:49:38.285696209Z" level=info msg="NetworkDB stats vultr.guest(55c52e6b8c07) - netID:0rz6hg0qghb21juyqti61umko leaving:false netPeers:1 entries:2 Queue qLen:0 netMsg/s:0"
May 29 02:54:38 vultr dockerd[433]: time="2022-05-29T02:54:38.485666996Z" level=info msg="NetworkDB stats vultr.guest(55c52e6b8c07) - netID:0rz6hg0qghb21juyqti61umko leaving:false netPeers:1 entries:2 Queue qLen:0 netMsg/s:0"
May 29 02:59:38 vultr dockerd[433]: time="2022-05-29T02:59:38.685716885Z" level=info msg="NetworkDB stats vultr.guest(55c52e6b8c07) - netID:0rz6hg0qghb21juyqti61umko leaving:false netPeers:1 entries:2 Queue qLen:0 netMsg/s:0"
May 29 03:04:38 vultr dockerd[433]: time="2022-05-29T03:04:38.885724561Z" level=info msg="NetworkDB stats vultr.guest(55c52e6b8c07) - netID:0rz6hg0qghb21juyqti61umko leaving:false netPeers:1 entries:2 Queue qLen:0 netMsg/s:0"
May 29 03:09:01 vultr systemd[1]: Starting Clean php session files...
May 29 03:09:01 vultr systemd[1]: phpsessionclean.service: Succeeded.
May 29 03:09:01 vultr systemd[1]: Started Clean php session files.
May 29 03:09:39 vultr dockerd[433]: time="2022-05-29T03:09:39.092214740Z" level=info msg="NetworkDB stats vultr.guest(55c52e6b8c07) - netID:0rz6hg0qghb21juyqti61umko leaving:false netPeers:1 entries:2 Queue qLen:0 netMsg/s:0"
May 29 03:14:39 vultr dockerd[433]: time="2022-05-29T03:14:39.285679487Z" level=info msg="NetworkDB stats vultr.guest(55c52e6b8c07) - netID:0rz6hg0qghb21juyqti61umko leaving:false netPeers:1 entries:2 Queue qLen:0 netMsg/s:0"
May 29 03:19:39 vultr dockerd[433]: time="2022-05-29T03:19:39.485700396Z" level=info msg="NetworkDB stats vultr.guest(55c52e6b8c07) - netID:0rz6hg0qghb21juyqti61umko leaving:false netPeers:1 entries:2 Queue qLen:0 netMsg/s:0"
May 29 03:24:39 vultr dockerd[433]: time="2022-05-29T03:24:39.685666054Z" level=info msg="NetworkDB stats vultr.guest(55c52e6b8c07) - netID:0rz6hg0qghb21juyqti61umko leaving:false netPeers:1 entries:2 Queue qLen:0 netMsg/s:0"
May 29 03:29:39 vultr dockerd[433]: time="2022-05-29T03:29:39.885678692Z" level=info msg="NetworkDB stats vultr.guest(55c52e6b8c07) - netID:0rz6hg0qghb21juyqti61umko leaving:false netPeers:1 entries:2 Queue qLen:0 netMsg/s:0"
May 29 03:34:40 vultr dockerd[433]: time="2022-05-29T03:34:40.085758817Z" level=info msg="NetworkDB stats vultr.guest(55c52e6b8c07) - netID:0rz6hg0qghb21juyqti61umko leaving:false netPeers:1 entries:2 Queue qLen:0 netMsg/s:0"
May 29 03:39:01 vultr systemd[1]: Starting Clean php session files...
May 29 03:39:01 vultr systemd[1]: phpsessionclean.service: Succeeded.
May 29 03:39:01 vultr systemd[1]: Started Clean php session files.
May 29 03:39:40 vultr dockerd[433]: time="2022-05-29T03:39:40.285687294Z" level=info msg="NetworkDB stats vultr.guest(55c52e6b8c07) - netID:0rz6hg0qghb21juyqti61umko leaving:false netPeers:1 entries:2 Queue qLen:0 netMsg/s:0"
May 29 03:44:40 vultr dockerd[433]: time="2022-05-29T03:44:40.485672694Z" level=info msg="NetworkDB stats vultr.guest(55c52e6b8c07) - netID:0rz6hg0qghb21juyqti61umko leaving:false netPeers:1 entries:2 Queue qLen:0 netMsg/s:0"
May 29 03:49:40 vultr dockerd[433]: time="2022-05-29T03:49:40.685711547Z" level=info msg="NetworkDB stats vultr.guest(55c52e6b8c07) - netID:0rz6hg0qghb21juyqti61umko leaving:false netPeers:1 entries:2 Queue qLen:0 netMsg/s:0"
May 29 03:54:40 vultr dockerd[433]: time="2022-05-29T03:54:40.885675684Z" level=info msg="NetworkDB stats vultr.guest(55c52e6b8c07) - netID:0rz6hg0qghb21juyqti61umko leaving:false netPeers:1 entries:2 Queue qLen:0 netMsg/s:0"
May 29 03:59:41 vultr dockerd[433]: time="2022-05-29T03:59:41.085702658Z" level=info msg="NetworkDB stats vultr.guest(55c52e6b8c07) - netID:0rz6hg0qghb21juyqti61umko leaving:false netPeers:1 entries:2 Queue qLen:0 netMsg/s:0"
May 29 04:04:41 vultr dockerd[433]: time="2022-05-29T04:04:41.285772918Z" level=info msg="NetworkDB stats vultr.guest(55c52e6b8c07) - netID:0rz6hg0qghb21juyqti61umko leaving:false netPeers:1 entries:2 Queue qLen:0 netMsg/s:0"
May 29 04:09:01 vultr systemd[1]: Starting Clean php session files...
May 29 04:09:01 vultr systemd[1]: phpsessionclean.service: Succeeded.
May 29 04:09:01 vultr systemd[1]: Started Clean php session files.
May 29 04:09:41 vultr dockerd[433]: time="2022-05-29T04:09:41.485676630Z" level=info msg="NetworkDB stats vultr.guest(55c52e6b8c07) - netID:0rz6hg0qghb21juyqti61umko leaving:false netPeers:1 entries:2 Queue qLen:0 netMsg/s:0"
May 29 04:14:41 vultr dockerd[433]: time="2022-05-29T04:14:41.685723456Z" level=info msg="NetworkDB stats vultr.guest(55c52e6b8c07) - netID:0rz6hg0qghb21juyqti61umko leaving:false netPeers:1 entries:2 Queue qLen:0 netMsg/s:0"
May 29 04:19:41 vultr dockerd[433]: time="2022-05-29T04:19:41.885743792Z" level=info msg="NetworkDB stats vultr.guest(55c52e6b8c07) - netID:0rz6hg0qghb21juyqti61umko leaving:false netPeers:1 entries:2 Queue qLen:0 netMsg/s:0"
May 29 04:24:42 vultr dockerd[433]: time="2022-05-29T04:24:42.085738049Z" level=info msg="NetworkDB stats vultr.guest(55c52e6b8c07) - netID:0rz6hg0qghb21juyqti61umko leaving:false netPeers:1 entries:2 Queue qLen:0 netMsg/s:0"
May 29 04:29:42 vultr dockerd[433]: time="2022-05-29T04:29:42.285643000Z" level=info msg="NetworkDB stats vultr.guest(55c52e6b8c07) - netID:0rz6hg0qghb21juyqti61umko leaving:false netPeers:1 entries:2 Queue qLen:0 netMsg/s:0"
May 29 04:34:42 vultr dockerd[433]: time="2022-05-29T04:34:42.485633224Z" level=info msg="NetworkDB stats vultr.guest(55c52e6b8c07) - netID:0rz6hg0qghb21juyqti61umko leaving:false netPeers:1 entries:2 Queue qLen:0 netMsg/s:0"
May 29 04:39:01 vultr systemd[1]: Starting Clean php session files...
May 29 04:39:01 vultr systemd[1]: phpsessionclean.service: Succeeded.
May 29 04:39:01 vultr systemd[1]: Started Clean php session files.
May 29 04:39:42 vultr dockerd[433]: time="2022-05-29T04:39:42.685644934Z" level=info msg="NetworkDB stats vultr.guest(55c52e6b8c07) - netID:0rz6hg0qghb21juyqti61umko leaving:false netPeers:1 entries:2 Queue qLen:0 netMsg/s:0"
May 29 04:44:42 vultr dockerd[433]: time="2022-05-29T04:44:42.885684125Z" level=info msg="NetworkDB stats vultr.guest(55c52e6b8c07) - netID:0rz6hg0qghb21juyqti61umko leaving:false netPeers:1 entries:2 Queue qLen:0 netMsg/s:0"
May 29 04:49:43 vultr dockerd[433]: time="2022-05-29T04:49:43.085691926Z" level=info msg="NetworkDB stats vultr.guest(55c52e6b8c07) - netID:0rz6hg0qghb21juyqti61umko leaving:false netPeers:1 entries:2 Queue qLen:0 netMsg/s:0"
May 29 04:54:43 vultr dockerd[433]: time="2022-05-29T04:54:43.285670088Z" level=info msg="NetworkDB stats vultr.guest(55c52e6b8c07) - netID:0rz6hg0qghb21juyqti61umko leaving:false netPeers:1 entries:2 Queue qLen:0 netMsg/s:0"
May 29 04:59:43 vultr dockerd[433]: time="2022-05-29T04:59:43.485706257Z" level=info msg="NetworkDB stats vultr.guest(55c52e6b8c07) - netID:0rz6hg0qghb21juyqti61umko leaving:false netPeers:1 entries:2 Queue qLen:0 netMsg/s:0"
May 29 05:04:43 vultr dockerd[433]: time="2022-05-29T05:04:43.685709035Z" level=info msg="NetworkDB stats vultr.guest(55c52e6b8c07) - netID:0rz6hg0qghb21juyqti61umko leaving:false netPeers:1 entries:2 Queue qLen:0 netMsg/s:0"
May 29 05:09:01 vultr systemd[1]: Starting Clean php session files...
May 29 05:09:02 vultr systemd[1]: phpsessionclean.service: Succeeded.
May 29 05:09:02 vultr systemd[1]: Started Clean php session files.
May 29 05:09:43 vultr dockerd[433]: time="2022-05-29T05:09:43.885771197Z" level=info msg="NetworkDB stats vultr.guest(55c52e6b8c07) - netID:0rz6hg0qghb21juyqti61umko leaving:false netPeers:1 entries:2 Queue qLen:0 netMsg/s:0"
May 29 05:14:44 vultr dockerd[433]: time="2022-05-29T05:14:44.085680056Z" level=info msg="NetworkDB stats vultr.guest(55c52e6b8c07) - netID:0rz6hg0qghb21juyqti61umko leaving:false netPeers:1 entries:2 Queue qLen:0 netMsg/s:0"
May 29 05:19:44 vultr dockerd[433]: time="2022-05-29T05:19:44.285684359Z" level=info msg="NetworkDB stats vultr.guest(55c52e6b8c07) - netID:0rz6hg0qghb21juyqti61umko leaving:false netPeers:1 entries:2 Queue qLen:0 netMsg/s:0"
May 29 05:24:44 vultr dockerd[433]: time="2022-05-29T05:24:44.485872289Z" level=info msg="NetworkDB stats vultr.guest(55c52e6b8c07) - netID:0rz6hg0qghb21juyqti61umko leaving:false netPeers:1 entries:2 Queue qLen:0 netMsg/s:0"
May 29 05:29:44 vultr dockerd[433]: time="2022-05-29T05:29:44.685759768Z" level=info msg="NetworkDB stats vultr.guest(55c52e6b8c07) - netID:0rz6hg0qghb21juyqti61umko leaving:false netPeers:1 entries:2 Queue qLen:0 netMsg/s:0"
May 29 05:34:44 vultr dockerd[433]: time="2022-05-29T05:34:44.885672201Z" level=info msg="NetworkDB stats vultr.guest(55c52e6b8c07) - netID:0rz6hg0qghb21juyqti61umko leaving:false netPeers:1 entries:2 Queue qLen:0 netMsg/s:0"
May 29 05:39:01 vultr systemd[1]: Starting Clean php session files...
May 29 05:39:02 vultr systemd[1]: phpsessionclean.service: Succeeded.
May 29 05:39:02 vultr systemd[1]: Started Clean php session files.
May 29 05:39:45 vultr dockerd[433]: time="2022-05-29T05:39:45.085663085Z" level=info msg="NetworkDB stats vultr.guest(55c52e6b8c07) - netID:0rz6hg0qghb21juyqti61umko leaving:false netPeers:1 entries:2 Queue qLen:0 netMsg/s:0"
May 29 05:44:45 vultr dockerd[433]: time="2022-05-29T05:44:45.287702503Z" level=info msg="NetworkDB stats vultr.guest(55c52e6b8c07) - netID:0rz6hg0qghb21juyqti61umko leaving:false netPeers:1 entries:2 Queue qLen:0 netMsg/s:0"
May 29 05:49:45 vultr dockerd[433]: time="2022-05-29T05:49:45.485639391Z" level=info msg="NetworkDB stats vultr.guest(55c52e6b8c07) - netID:0rz6hg0qghb21juyqti61umko leaving:false netPeers:1 entries:2 Queue qLen:0 netMsg/s:0"
May 29 05:54:45 vultr dockerd[433]: time="2022-05-29T05:54:45.685720528Z" level=info msg="NetworkDB stats vultr.guest(55c52e6b8c07) - netID:0rz6hg0qghb21juyqti61umko leaving:false netPeers:1 entries:2 Queue qLen:0 netMsg/s:0"
May 29 05:59:45 vultr dockerd[433]: time="2022-05-29T05:59:45.885672822Z" level=info msg="NetworkDB stats vultr.guest(55c52e6b8c07) - netID:0rz6hg0qghb21juyqti61umko leaving:false netPeers:1 entries:2 Queue qLen:0 netMsg/s:0"
May 29 06:04:45 vultr dockerd[433]: time="2022-05-29T06:04:45.893558728Z" level=info msg="NetworkDB stats vultr.guest(55c52e6b8c07) - netID:0rz6hg0qghb21juyqti61umko leaving:false netPeers:1 entries:2 Queue qLen:0 netMsg/s:0"
May 29 06:09:01 vultr systemd[1]: Starting Clean php session files...
May 29 06:09:01 vultr systemd[1]: phpsessionclean.service: Succeeded.
May 29 06:09:01 vultr systemd[1]: Started Clean php session files.
May 29 06:09:46 vultr dockerd[433]: time="2022-05-29T06:09:46.085657507Z" level=info msg="NetworkDB stats vultr.guest(55c52e6b8c07) - netID:0rz6hg0qghb21juyqti61umko leaving:false netPeers:1 entries:2 Queue qLen:0 netMsg/s:0"
May 29 06:14:46 vultr dockerd[433]: time="2022-05-29T06:14:46.285679262Z" level=info msg="NetworkDB stats vultr.guest(55c52e6b8c07) - netID:0rz6hg0qghb21juyqti61umko leaving:false netPeers:1 entries:2 Queue qLen:0 netMsg/s:0"
May 29 06:19:46 vultr dockerd[433]: time="2022-05-29T06:19:46.485636794Z" level=info msg="NetworkDB stats vultr.guest(55c52e6b8c07) - netID:0rz6hg0qghb21juyqti61umko leaving:false netPeers:1 entries:2 Queue qLen:0 netMsg/s:0"
May 29 06:24:46 vultr dockerd[433]: time="2022-05-29T06:24:46.490575678Z" level=info msg="NetworkDB stats vultr.guest(55c52e6b8c07) - netID:0rz6hg0qghb21juyqti61umko leaving:false netPeers:1 entries:2 Queue qLen:0 netMsg/s:0"
May 29 06:29:46 vultr dockerd[433]: time="2022-05-29T06:29:46.692615461Z" level=info msg="NetworkDB stats vultr.guest(55c52e6b8c07) - netID:0rz6hg0qghb21juyqti61umko leaving:false netPeers:1 entries:2 Queue qLen:0 netMsg/s:0"
May 29 06:34:46 vultr dockerd[433]: time="2022-05-29T06:34:46.886274359Z" level=info msg="NetworkDB stats vultr.guest(55c52e6b8c07) - netID:0rz6hg0qghb21juyqti61umko leaving:false netPeers:1 entries:2 Queue qLen:0 netMsg/s:0"
May 29 06:39:01 vultr systemd[1]: Starting Clean php session files...
May 29 06:39:01 vultr systemd[1]: phpsessionclean.service: Succeeded.
May 29 06:39:01 vultr systemd[1]: Started Clean php session files.
May 29 06:39:47 vultr dockerd[433]: time="2022-05-29T06:39:47.085727099Z" level=info msg="NetworkDB stats vultr.guest(55c52e6b8c07) - netID:0rz6hg0qghb21juyqti61umko leaving:false netPeers:1 entries:2 Queue qLen:0 netMsg/s:0"
May 29 06:44:47 vultr dockerd[433]: time="2022-05-29T06:44:47.285700337Z" level=info msg="NetworkDB stats vultr.guest(55c52e6b8c07) - netID:0rz6hg0qghb21juyqti61umko leaving:false netPeers:1 entries:2 Queue qLen:0 netMsg/s:0"
May 29 06:49:47 vultr dockerd[433]: time="2022-05-29T06:49:47.485734270Z" level=info msg="NetworkDB stats vultr.guest(55c52e6b8c07) - netID:0rz6hg0qghb21juyqti61umko leaving:false netPeers:1 entries:2 Queue qLen:0 netMsg/s:0"
May 29 06:53:45 vultr systemd[1]: Starting Daily apt upgrade and clean activities...
May 29 06:53:49 vultr systemd[1]: Reloading.
May 29 06:53:49 vultr systemd[1]: /lib/systemd/system/rdnssd.service:14: PIDFile= references path below legacy directory /var/run/, updating /var/run/rdnssd.pid → /run/rdnssd.pid; please update the unit file accordingly.
May 29 06:53:49 vultr systemd[1]: /lib/systemd/system/dovecot.service:9: PIDFile= references path below legacy directory /var/run/, updating /var/run/dovecot/master.pid → /run/dovecot/master.pid; please update the unit file accordingly.
May 29 06:53:49 vultr systemd[1]: getty@tty1.service: Current command vanished from the unit file, execution of the command list won't be resumed.
May 29 06:53:49 vultr systemd[1]: Reloading.
May 29 06:53:49 vultr systemd[1]: /lib/systemd/system/rdnssd.service:14: PIDFile= references path below legacy directory /var/run/, updating /var/run/rdnssd.pid → /run/rdnssd.pid; please update the unit file accordingly.
May 29 06:53:50 vultr systemd[1]: /lib/systemd/system/dovecot.service:9: PIDFile= references path below legacy directory /var/run/, updating /var/run/dovecot/master.pid → /run/dovecot/master.pid; please update the unit file accordingly.
May 29 06:53:50 vultr systemd[1]: Reloading.
May 29 06:53:50 vultr systemd[1]: /lib/systemd/system/rdnssd.service:14: PIDFile= references path below legacy directory /var/run/, updating /var/run/rdnssd.pid → /run/rdnssd.pid; please update the unit file accordingly.
May 29 06:53:50 vultr systemd[1]: /lib/systemd/system/dovecot.service:9: PIDFile= references path below legacy directory /var/run/, updating /var/run/dovecot/master.pid → /run/dovecot/master.pid; please update the unit file accordingly.
May 29 06:53:50 vultr systemd[1]: Reloading.
May 29 06:53:50 vultr systemd[1]: /lib/systemd/system/rdnssd.service:14: PIDFile= references path below legacy directory /var/run/, updating /var/run/rdnssd.pid → /run/rdnssd.pid; please update the unit file accordingly.
May 29 06:53:50 vultr systemd[1]: /lib/systemd/system/dovecot.service:9: PIDFile= references path below legacy directory /var/run/, updating /var/run/dovecot/master.pid → /run/dovecot/master.pid; please update the unit file accordingly.
May 29 06:53:50 vultr systemd[1]: Stopping System Logging Service...
May 29 06:53:50 vultr systemd[1]: rsyslog.service: Succeeded.
May 29 06:53:50 vultr systemd[1]: Stopped System Logging Service.
May 29 06:53:50 vultr systemd[1]: Starting System Logging Service...
May 29 06:53:50 vultr systemd[1]: Started System Logging Service.
May 29 06:53:51 vultr systemd[1]: Reloading.
May 29 06:53:51 vultr systemd[1]: /lib/systemd/system/rdnssd.service:14: PIDFile= references path below legacy directory /var/run/, updating /var/run/rdnssd.pid → /run/rdnssd.pid; please update the unit file accordingly.
May 29 06:53:51 vultr systemd[1]: /lib/systemd/system/dovecot.service:9: PIDFile= references path below legacy directory /var/run/, updating /var/run/dovecot/master.pid → /run/dovecot/master.pid; please update the unit file accordingly.
May 29 06:53:51 vultr systemd[1]: Starting Daily apt download activities...
May 29 06:53:53 vultr systemd[1]: apt-daily-upgrade.service: Succeeded.
May 29 06:53:53 vultr systemd[1]: Started Daily apt upgrade and clean activities.
May 29 06:53:54 vultr systemd[1]: apt-daily.service: Succeeded.
May 29 06:53:54 vultr systemd[1]: Started Daily apt download activities.
May 29 06:54:47 vultr dockerd[433]: time="2022-05-29T06:54:47.685695590Z" level=info msg="NetworkDB stats vultr.guest(55c52e6b8c07) - netID:0rz6hg0qghb21juyqti61umko leaving:false netPeers:1 entries:2 Queue qLen:0 netMsg/s:0"
May 29 06:59:47 vultr dockerd[433]: time="2022-05-29T06:59:47.885720602Z" level=info msg="NetworkDB stats vultr.guest(55c52e6b8c07) - netID:0rz6hg0qghb21juyqti61umko leaving:false netPeers:1 entries:2 Queue qLen:0 netMsg/s:0"
May 29 07:04:48 vultr dockerd[433]: time="2022-05-29T07:04:48.085753650Z" level=info msg="NetworkDB stats vultr.guest(55c52e6b8c07) - netID:0rz6hg0qghb21juyqti61umko leaving:false netPeers:1 entries:2 Queue qLen:0 netMsg/s:0"
May 29 07:09:01 vultr systemd[1]: Starting Clean php session files...
May 29 07:09:01 vultr systemd[1]: phpsessionclean.service: Succeeded.
May 29 07:09:01 vultr systemd[1]: Started Clean php session files.
May 29 07:09:48 vultr dockerd[433]: time="2022-05-29T07:09:48.285664468Z" level=info msg="NetworkDB stats vultr.guest(55c52e6b8c07) - netID:0rz6hg0qghb21juyqti61umko leaving:false netPeers:1 entries:2 Queue qLen:0 netMsg/s:0"
May 29 07:14:48 vultr dockerd[433]: time="2022-05-29T07:14:48.486370854Z" level=info msg="NetworkDB stats vultr.guest(55c52e6b8c07) - netID:0rz6hg0qghb21juyqti61umko leaving:false netPeers:1 entries:2 Queue qLen:0 netMsg/s:0"
May 29 07:19:48 vultr dockerd[433]: time="2022-05-29T07:19:48.685844582Z" level=info msg="NetworkDB stats vultr.guest(55c52e6b8c07) - netID:0rz6hg0qghb21juyqti61umko leaving:false netPeers:1 entries:2 Queue qLen:0 netMsg/s:0"
May 29 07:24:48 vultr dockerd[433]: time="2022-05-29T07:24:48.885681297Z" level=info msg="NetworkDB stats vultr.guest(55c52e6b8c07) - netID:0rz6hg0qghb21juyqti61umko leaving:false netPeers:1 entries:2 Queue qLen:0 netMsg/s:0"
May 29 07:29:49 vultr dockerd[433]: time="2022-05-29T07:29:49.085776125Z" level=info msg="NetworkDB stats vultr.guest(55c52e6b8c07) - netID:0rz6hg0qghb21juyqti61umko leaving:false netPeers:1 entries:2 Queue qLen:0 netMsg/s:0"
May 29 07:34:49 vultr dockerd[433]: time="2022-05-29T07:34:49.285769475Z" level=info msg="NetworkDB stats vultr.guest(55c52e6b8c07) - netID:0rz6hg0qghb21juyqti61umko leaving:false netPeers:1 entries:2 Queue qLen:0 netMsg/s:0"
May 29 07:39:01 vultr systemd[1]: Starting Clean php session files...
May 29 07:39:01 vultr systemd[1]: phpsessionclean.service: Succeeded.
May 29 07:39:01 vultr systemd[1]: Started Clean php session files.
May 29 07:39:49 vultr dockerd[433]: time="2022-05-29T07:39:49.485739889Z" level=info msg="NetworkDB stats vultr.guest(55c52e6b8c07) - netID:0rz6hg0qghb21juyqti61umko leaving:false netPeers:1 entries:2 Queue qLen:0 netMsg/s:0"
May 29 07:44:49 vultr dockerd[433]: time="2022-05-29T07:44:49.685703829Z" level=info msg="NetworkDB stats vultr.guest(55c52e6b8c07) - netID:0rz6hg0qghb21juyqti61umko leaving:false netPeers:1 entries:2 Queue qLen:0 netMsg/s:0"
May 29 07:49:49 vultr dockerd[433]: time="2022-05-29T07:49:49.885689271Z" level=info msg="NetworkDB stats vultr.guest(55c52e6b8c07) - netID:0rz6hg0qghb21juyqti61umko leaving:false netPeers:1 entries:2 Queue qLen:0 netMsg/s:0"
May 29 07:54:50 vultr dockerd[433]: time="2022-05-29T07:54:50.085651380Z" level=info msg="NetworkDB stats vultr.guest(55c52e6b8c07) - netID:0rz6hg0qghb21juyqti61umko leaving:false netPeers:1 entries:2 Queue qLen:0 netMsg/s:0"
May 29 07:59:50 vultr dockerd[433]: time="2022-05-29T07:59:50.285671615Z" level=info msg="NetworkDB stats vultr.guest(55c52e6b8c07) - netID:0rz6hg0qghb21juyqti61umko leaving:false netPeers:1 entries:2 Queue qLen:0 netMsg/s:0"
May 29 08:04:50 vultr dockerd[433]: time="2022-05-29T08:04:50.485827456Z" level=info msg="NetworkDB stats vultr.guest(55c52e6b8c07) - netID:0rz6hg0qghb21juyqti61umko leaving:false netPeers:1 entries:2 Queue qLen:0 netMsg/s:0"
May 29 08:09:01 vultr systemd[1]: Starting Clean php session files...
May 29 08:09:01 vultr systemd[1]: phpsessionclean.service: Succeeded.
May 29 08:09:01 vultr systemd[1]: Started Clean php session files.
May 29 08:09:50 vultr dockerd[433]: time="2022-05-29T08:09:50.686163465Z" level=info msg="NetworkDB stats vultr.guest(55c52e6b8c07) - netID:0rz6hg0qghb21juyqti61umko leaving:false netPeers:1 entries:2 Queue qLen:0 netMsg/s:0"
May 29 08:14:50 vultr dockerd[433]: time="2022-05-29T08:14:50.885697921Z" level=info msg="NetworkDB stats vultr.guest(55c52e6b8c07) - netID:0rz6hg0qghb21juyqti61umko leaving:false netPeers:1 entries:2 Queue qLen:0 netMsg/s:0"
May 29 08:19:51 vultr dockerd[433]: time="2022-05-29T08:19:51.086171525Z" level=info msg="NetworkDB stats vultr.guest(55c52e6b8c07) - netID:0rz6hg0qghb21juyqti61umko leaving:false netPeers:1 entries:2 Queue qLen:0 netMsg/s:0"
May 29 08:24:51 vultr dockerd[433]: time="2022-05-29T08:24:51.285713313Z" level=info msg="NetworkDB stats vultr.guest(55c52e6b8c07) - netID:0rz6hg0qghb21juyqti61umko leaving:false netPeers:1 entries:2 Queue qLen:0 netMsg/s:0"
May 29 08:29:51 vultr dockerd[433]: time="2022-05-29T08:29:51.485695523Z" level=info msg="NetworkDB stats vultr.guest(55c52e6b8c07) - netID:0rz6hg0qghb21juyqti61umko leaving:false netPeers:1 entries:2 Queue qLen:0 netMsg/s:0"
May 29 08:34:51 vultr dockerd[433]: time="2022-05-29T08:34:51.685876758Z" level=info msg="NetworkDB stats vultr.guest(55c52e6b8c07) - netID:0rz6hg0qghb21juyqti61umko leaving:false netPeers:1 entries:2 Queue qLen:0 netMsg/s:0"
May 29 08:39:01 vultr systemd[1]: Starting Clean php session files...
May 29 08:39:01 vultr systemd[1]: phpsessionclean.service: Succeeded.
May 29 08:39:01 vultr systemd[1]: Started Clean php session files.
May 29 08:39:51 vultr dockerd[433]: time="2022-05-29T08:39:51.885685189Z" level=info msg="NetworkDB stats vultr.guest(55c52e6b8c07) - netID:0rz6hg0qghb21juyqti61umko leaving:false netPeers:1 entries:2 Queue qLen:0 netMsg/s:0"
May 29 08:44:52 vultr dockerd[433]: time="2022-05-29T08:44:52.085706809Z" level=info msg="NetworkDB stats vultr.guest(55c52e6b8c07) - netID:0rz6hg0qghb21juyqti61umko leaving:false netPeers:1 entries:2 Queue qLen:0 netMsg/s:0"
May 29 08:49:52 vultr dockerd[433]: time="2022-05-29T08:49:52.285768956Z" level=info msg="NetworkDB stats vultr.guest(55c52e6b8c07) - netID:0rz6hg0qghb21juyqti61umko leaving:false netPeers:1 entries:2 Queue qLen:0 netMsg/s:0"
May 29 08:54:52 vultr dockerd[433]: time="2022-05-29T08:54:52.485674478Z" level=info msg="NetworkDB stats vultr.guest(55c52e6b8c07) - netID:0rz6hg0qghb21juyqti61umko leaving:false netPeers:1 entries:2 Queue qLen:0 netMsg/s:0"
May 29 08:59:52 vultr dockerd[433]: time="2022-05-29T08:59:52.685745311Z" level=info msg="NetworkDB stats vultr.guest(55c52e6b8c07) - netID:0rz6hg0qghb21juyqti61umko leaving:false netPeers:1 entries:2 Queue qLen:0 netMsg/s:0"
May 29 09:04:52 vultr dockerd[433]: time="2022-05-29T09:04:52.885779048Z" level=info msg="NetworkDB stats vultr.guest(55c52e6b8c07) - netID:0rz6hg0qghb21juyqti61umko leaving:false netPeers:1 entries:2 Queue qLen:0 netMsg/s:0"
May 29 09:09:01 vultr systemd[1]: Starting Clean php session files...
May 29 09:09:01 vultr systemd[1]: phpsessionclean.service: Succeeded.
May 29 09:09:01 vultr systemd[1]: Started Clean php session files.
May 29 09:09:53 vultr dockerd[433]: time="2022-05-29T09:09:53.085725230Z" level=info msg="NetworkDB stats vultr.guest(55c52e6b8c07) - netID:0rz6hg0qghb21juyqti61umko leaving:false netPeers:1 entries:2 Queue qLen:0 netMsg/s:0"
May 29 09:14:53 vultr dockerd[433]: time="2022-05-29T09:14:53.285705432Z" level=info msg="NetworkDB stats vultr.guest(55c52e6b8c07) - netID:0rz6hg0qghb21juyqti61umko leaving:false netPeers:1 entries:2 Queue qLen:0 netMsg/s:0"
May 29 09:19:53 vultr dockerd[433]: time="2022-05-29T09:19:53.485735902Z" level=info msg="NetworkDB stats vultr.guest(55c52e6b8c07) - netID:0rz6hg0qghb21juyqti61umko leaving:false netPeers:1 entries:2 Queue qLen:0 netMsg/s:0"
May 29 09:24:53 vultr dockerd[433]: time="2022-05-29T09:24:53.685697219Z" level=info msg="NetworkDB stats vultr.guest(55c52e6b8c07) - netID:0rz6hg0qghb21juyqti61umko leaving:false netPeers:1 entries:2 Queue qLen:0 netMsg/s:0"
May 29 09:29:53 vultr dockerd[433]: time="2022-05-29T09:29:53.885721835Z" level=info msg="NetworkDB stats vultr.guest(55c52e6b8c07) - netID:0rz6hg0qghb21juyqti61umko leaving:false netPeers:1 entries:2 Queue qLen:0 netMsg/s:0"
May 29 09:34:54 vultr dockerd[433]: time="2022-05-29T09:34:54.085697247Z" level=info msg="NetworkDB stats vultr.guest(55c52e6b8c07) - netID:0rz6hg0qghb21juyqti61umko leaving:false netPeers:1 entries:2 Queue qLen:0 netMsg/s:0"
May 29 09:39:01 vultr systemd[1]: Starting Clean php session files...
May 29 09:39:01 vultr systemd[1]: phpsessionclean.service: Succeeded.
May 29 09:39:01 vultr systemd[1]: Started Clean php session files.
May 29 09:39:54 vultr dockerd[433]: time="2022-05-29T09:39:54.285685524Z" level=info msg="NetworkDB stats vultr.guest(55c52e6b8c07) - netID:0rz6hg0qghb21juyqti61umko leaving:false netPeers:1 entries:2 Queue qLen:0 netMsg/s:0"
May 29 09:44:54 vultr dockerd[433]: time="2022-05-29T09:44:54.485659210Z" level=info msg="NetworkDB stats vultr.guest(55c52e6b8c07) - netID:0rz6hg0qghb21juyqti61umko leaving:false netPeers:1 entries:2 Queue qLen:0 netMsg/s:0"
May 29 09:49:54 vultr dockerd[433]: time="2022-05-29T09:49:54.685727854Z" level=info msg="NetworkDB stats vultr.guest(55c52e6b8c07) - netID:0rz6hg0qghb21juyqti61umko leaving:false netPeers:1 entries:2 Queue qLen:0 netMsg/s:0"
May 29 09:54:54 vultr dockerd[433]: time="2022-05-29T09:54:54.885752897Z" level=info msg="NetworkDB stats vultr.guest(55c52e6b8c07) - netID:0rz6hg0qghb21juyqti61umko leaving:false netPeers:1 entries:2 Queue qLen:0 netMsg/s:0"
May 29 09:59:55 vultr dockerd[433]: time="2022-05-29T09:59:55.086137196Z" level=info msg="NetworkDB stats vultr.guest(55c52e6b8c07) - netID:0rz6hg0qghb21juyqti61umko leaving:false netPeers:1 entries:2 Queue qLen:0 netMsg/s:0"
May 29 10:04:55 vultr dockerd[433]: time="2022-05-29T10:04:55.285638177Z" level=info msg="NetworkDB stats vultr.guest(55c52e6b8c07) - netID:0rz6hg0qghb21juyqti61umko leaving:false netPeers:1 entries:2 Queue qLen:0 netMsg/s:0"
May 29 10:09:01 vultr systemd[1]: Starting Clean php session files...
May 29 10:09:01 vultr systemd[1]: phpsessionclean.service: Succeeded.
May 29 10:09:01 vultr systemd[1]: Started Clean php session files.
May 29 10:09:55 vultr dockerd[433]: time="2022-05-29T10:09:55.486297237Z" level=info msg="NetworkDB stats vultr.guest(55c52e6b8c07) - netID:0rz6hg0qghb21juyqti61umko leaving:false netPeers:1 entries:2 Queue qLen:0 netMsg/s:0"
May 29 10:14:55 vultr dockerd[433]: time="2022-05-29T10:14:55.685719867Z" level=info msg="NetworkDB stats vultr.guest(55c52e6b8c07) - netID:0rz6hg0qghb21juyqti61umko leaving:false netPeers:1 entries:2 Queue qLen:0 netMsg/s:0"
May 29 10:19:55 vultr dockerd[433]: time="2022-05-29T10:19:55.886289302Z" level=info msg="NetworkDB stats vultr.guest(55c52e6b8c07) - netID:0rz6hg0qghb21juyqti61umko leaving:false netPeers:1 entries:2 Queue qLen:0 netMsg/s:0"
May 29 10:24:56 vultr dockerd[433]: time="2022-05-29T10:24:56.085681727Z" level=info msg="NetworkDB stats vultr.guest(55c52e6b8c07) - netID:0rz6hg0qghb21juyqti61umko leaving:false netPeers:1 entries:2 Queue qLen:0 netMsg/s:0"
May 29 10:29:56 vultr dockerd[433]: time="2022-05-29T10:29:56.285956422Z" level=info msg="NetworkDB stats vultr.guest(55c52e6b8c07) - netID:0rz6hg0qghb21juyqti61umko leaving:false netPeers:1 entries:2 Queue qLen:0 netMsg/s:0"
May 29 10:34:56 vultr dockerd[433]: time="2022-05-29T10:34:56.485750358Z" level=info msg="NetworkDB stats vultr.guest(55c52e6b8c07) - netID:0rz6hg0qghb21juyqti61umko leaving:false netPeers:1 entries:2 Queue qLen:0 netMsg/s:0"
May 29 10:39:01 vultr systemd[1]: Starting Clean php session files...
May 29 10:39:01 vultr systemd[1]: phpsessionclean.service: Succeeded.
May 29 10:39:01 vultr systemd[1]: Started Clean php session files.
May 29 10:39:56 vultr dockerd[433]: time="2022-05-29T10:39:56.685769062Z" level=info msg="NetworkDB stats vultr.guest(55c52e6b8c07) - netID:0rz6hg0qghb21juyqti61umko leaving:false netPeers:1 entries:2 Queue qLen:0 netMsg/s:0"
May 29 10:44:56 vultr dockerd[433]: time="2022-05-29T10:44:56.885754445Z" level=info msg="NetworkDB stats vultr.guest(55c52e6b8c07) - netID:0rz6hg0qghb21juyqti61umko leaving:false netPeers:1 entries:2 Queue qLen:0 netMsg/s:0"
May 29 10:49:57 vultr dockerd[433]: time="2022-05-29T10:49:57.085801100Z" level=info msg="NetworkDB stats vultr.guest(55c52e6b8c07) - netID:0rz6hg0qghb21juyqti61umko leaving:false netPeers:1 entries:2 Queue qLen:0 netMsg/s:0"
May 29 10:54:57 vultr dockerd[433]: time="2022-05-29T10:54:57.285616973Z" level=info msg="NetworkDB stats vultr.guest(55c52e6b8c07) - netID:0rz6hg0qghb21juyqti61umko leaving:false netPeers:1 entries:2 Queue qLen:0 netMsg/s:0"
May 29 10:59:57 vultr dockerd[433]: time="2022-05-29T10:59:57.485708731Z" level=info msg="NetworkDB stats vultr.guest(55c52e6b8c07) - netID:0rz6hg0qghb21juyqti61umko leaving:false netPeers:1 entries:2 Queue qLen:0 netMsg/s:0"
May 29 11:04:57 vultr dockerd[433]: time="2022-05-29T11:04:57.685811043Z" level=info msg="NetworkDB stats vultr.guest(55c52e6b8c07) - netID:0rz6hg0qghb21juyqti61umko leaving:false netPeers:1 entries:2 Queue qLen:0 netMsg/s:0"
May 29 11:09:01 vultr systemd[1]: Starting Clean php session files...
May 29 11:09:01 vultr systemd[1]: phpsessionclean.service: Succeeded.
May 29 11:09:01 vultr systemd[1]: Started Clean php session files.
May 29 11:09:57 vultr dockerd[433]: time="2022-05-29T11:09:57.885884295Z" level=info msg="NetworkDB stats vultr.guest(55c52e6b8c07) - netID:0rz6hg0qghb21juyqti61umko leaving:false netPeers:1 entries:2 Queue qLen:0 netMsg/s:0"
May 29 11:14:58 vultr dockerd[433]: time="2022-05-29T11:14:58.085626808Z" level=info msg="NetworkDB stats vultr.guest(55c52e6b8c07) - netID:0rz6hg0qghb21juyqti61umko leaving:false netPeers:1 entries:2 Queue qLen:0 netMsg/s:0"
May 29 11:19:58 vultr dockerd[433]: time="2022-05-29T11:19:58.285713745Z" level=info msg="NetworkDB stats vultr.guest(55c52e6b8c07) - netID:0rz6hg0qghb21juyqti61umko leaving:false netPeers:1 entries:2 Queue qLen:0 netMsg/s:0"
May 29 11:24:58 vultr dockerd[433]: time="2022-05-29T11:24:58.485743672Z" level=info msg="NetworkDB stats vultr.guest(55c52e6b8c07) - netID:0rz6hg0qghb21juyqti61umko leaving:false netPeers:1 entries:2 Queue qLen:0 netMsg/s:0"
May 29 11:26:00 vultr dhclient[809]: DHCPREQUEST for 158.247.223.84 on ens3 to 169.254.169.254 port 67
May 29 11:26:00 vultr dhclient[809]: DHCPACK of 158.247.223.84 from 169.254.169.254
May 29 11:26:00 vultr dhclient[809]: bound to 158.247.223.84 -- renewal in 31982 seconds.
May 29 11:29:58 vultr dockerd[433]: time="2022-05-29T11:29:58.685704731Z" level=info msg="NetworkDB stats vultr.guest(55c52e6b8c07) - netID:0rz6hg0qghb21juyqti61umko leaving:false netPeers:1 entries:2 Queue qLen:0 netMsg/s:0"
May 29 11:34:58 vultr dockerd[433]: time="2022-05-29T11:34:58.885704926Z" level=info msg="NetworkDB stats vultr.guest(55c52e6b8c07) - netID:0rz6hg0qghb21juyqti61umko leaving:false netPeers:1 entries:2 Queue qLen:0 netMsg/s:0"
May 29 11:39:01 vultr systemd[1]: Starting Clean php session files...
May 29 11:39:02 vultr systemd[1]: phpsessionclean.service: Succeeded.
May 29 11:39:02 vultr systemd[1]: Started Clean php session files.
May 29 11:39:59 vultr dockerd[433]: time="2022-05-29T11:39:59.085791517Z" level=info msg="NetworkDB stats vultr.guest(55c52e6b8c07) - netID:0rz6hg0qghb21juyqti61umko leaving:false netPeers:1 entries:2 Queue qLen:0 netMsg/s:0"
May 29 11:44:59 vultr dockerd[433]: time="2022-05-29T11:44:59.285700683Z" level=info msg="NetworkDB stats vultr.guest(55c52e6b8c07) - netID:0rz6hg0qghb21juyqti61umko leaving:false netPeers:1 entries:2 Queue qLen:0 netMsg/s:0"
May 29 11:49:59 vultr dockerd[433]: time="2022-05-29T11:49:59.485697805Z" level=info msg="NetworkDB stats vultr.guest(55c52e6b8c07) - netID:0rz6hg0qghb21juyqti61umko leaving:false netPeers:1 entries:2 Queue qLen:0 netMsg/s:0"
May 29 11:54:59 vultr dockerd[433]: time="2022-05-29T11:54:59.685725005Z" level=info msg="NetworkDB stats vultr.guest(55c52e6b8c07) - netID:0rz6hg0qghb21juyqti61umko leaving:false netPeers:1 entries:2 Queue qLen:0 netMsg/s:0"
May 29 11:55:07 vultr systemd[1]: Created slice User Slice of UID 1001.
May 29 11:55:07 vultr systemd[1]: Starting User Runtime Directory /run/user/1001...
May 29 11:55:07 vultr systemd[1]: Started User Runtime Directory /run/user/1001.
May 29 11:55:07 vultr systemd[1]: Starting User Manager for UID 1001...
May 29 11:55:07 vultr systemd[17123]: Listening on GnuPG cryptographic agent and passphrase cache (access for web browsers).
May 29 11:55:07 vultr systemd[17123]: Listening on GnuPG cryptographic agent (ssh-agent emulation).
May 29 11:55:07 vultr systemd[17123]: Reached target Timers.
May 29 11:55:07 vultr systemd[17123]: Reached target Paths.
May 29 11:55:07 vultr systemd[17123]: Listening on GnuPG network certificate management daemon.
May 29 11:55:07 vultr systemd[17123]: Listening on GnuPG cryptographic agent and passphrase cache.
May 29 11:55:07 vultr systemd[17123]: Listening on GnuPG cryptographic agent and passphrase cache (restricted).
May 29 11:55:07 vultr systemd[17123]: Reached target Sockets.
May 29 11:55:07 vultr systemd[17123]: Reached target Basic System.
May 29 11:55:07 vultr systemd[1]: Started User Manager for UID 1001.
May 29 11:55:07 vultr systemd[1]: Started Session 1438 of user adam.
May 29 11:55:07 vultr systemd[17123]: Reached target Default.
May 29 11:55:07 vultr systemd[17123]: Startup finished in 55ms.
May 29 11:55:28 vultr systemd[1]: Mounting FUSE Control File System...
May 29 11:55:28 vultr systemd[1]: Mounted FUSE Control File System.
