PWD=/
_=/usr/bin/env
LANG=C.UTF-8
INVOCATION_ID=55952041d5b345f5a6bee728630201a7
SHLVL=2
JOURNAL_STREAM=9:13972
PATH=/usr/local/sbin:/usr/local/bin:/usr/sbin:/usr/bin:/sbin:/bin
2021-08-16 23:56:51: Waiting for devices.
2021-08-16 23:56:51: Found devices: 
2021-08-16 23:56:51: - ens3
2021-08-16 23:56:51: Network status (before activating devices): 
2021-08-16 23:56:51: LINKS
2021-08-16 23:56:51: 1: lo: <LOOPBACK,UP,LOWER_UP> mtu 65536 qdisc noqueue state UNKNOWN mode DEFAULT group default qlen 1000
2021-08-16 23:56:51:     link/loopback 00:00:00:00:00:00 brd 00:00:00:00:00:00
2021-08-16 23:56:51: 2: ens3: <BROADCAST,MULTICAST> mtu 1500 qdisc noop state DOWN mode DEFAULT group default qlen 1000
2021-08-16 23:56:51:     link/ether 56:00:03:85:82:df brd ff:ff:ff:ff:ff:ff
2021-08-16 23:56:51: 
2021-08-16 23:56:51: ADDRESSES
2021-08-16 23:56:51: 1: lo: <LOOPBACK,UP,LOWER_UP> mtu 65536 qdisc noqueue state UNKNOWN group default qlen 1000
2021-08-16 23:56:51:     link/loopback 00:00:00:00:00:00 brd 00:00:00:00:00:00
2021-08-16 23:56:51:     inet 127.0.0.1/8 scope host lo
2021-08-16 23:56:51:        valid_lft forever preferred_lft forever
2021-08-16 23:56:51:     inet6 ::1/128 scope host 
2021-08-16 23:56:51:        valid_lft forever preferred_lft forever
2021-08-16 23:56:51: 2: ens3: <BROADCAST,MULTICAST> mtu 1500 qdisc noop state DOWN group default qlen 1000
2021-08-16 23:56:51:     link/ether 56:00:03:85:82:df brd ff:ff:ff:ff:ff:ff
2021-08-16 23:56:51: 
2021-08-16 23:56:51: ROUTES
2021-08-16 23:56:51: 
2021-08-16 23:56:51: 
2021-08-16 23:56:51: Writing default configuration.
2021-08-16 23:56:51: Activating devices.
2021-08-16 23:56:51: Activating: ens3
ifdown: unknown interface ens3
Internet Systems Consortium DHCP Client 4.4.1
Copyright 2004-2018 Internet Systems Consortium.
All rights reserved.
For info, please visit https://www.isc.org/software/dhcp/

Listening on LPF/ens3/56:00:03:85:82:df
Sending on   LPF/ens3/56:00:03:85:82:df
Sending on   Socket/fallback
Created duid "\000\001\000\001(\255\267\304V\000\003\205\202\337".
DHCPDISCOVER on ens3 to 255.255.255.255 port 67 interval 5
DHCPOFFER of 158.247.223.84 from 169.254.169.254
DHCPREQUEST for 158.247.223.84 on ens3 to 255.255.255.255 port 67
DHCPACK of 158.247.223.84 from 169.254.169.254
bound to 158.247.223.84 -- renewal in 40526 seconds.
/bin/sh: 1: ethtool: not found
/bin/sh: 1: ethtool: not found
/bin/sh: 1: ethtool: not found
/bin/sh: 1: ethtool: not found
/bin/sh: 1: ethtool: not found
/bin/sh: 1: ethtool: not found
/bin/sh: 1: ethtool: not found
/bin/sh: 1: ethtool: not found
/bin/sh: 1: ethtool: not found
/bin/sh: 1: ethtool: not found
/bin/sh: 1: ethtool: not found
/bin/sh: 1: ethtool: not found
/bin/sh: 1: ethtool: not found
/bin/sh: 1: ethtool: not found
/bin/sh: 1: ethtool: not found
/bin/sh: 1: ethtool: not found
/bin/sh: 1: ethtool: not found
/bin/sh: 1: ethtool: not found
/bin/sh: 1: ethtool: not found
/bin/sh: 1: ethtool: not found
/bin/sh: 1: ethtool: not found
/bin/sh: 1: ethtool: not found
/bin/sh: 1: ethtool: not found
/bin/sh: 1: ethtool: not found
/bin/sh: 1: ethtool: not found
/bin/sh: 1: ethtool: not found
/bin/sh: 1: ethtool: not found
/bin/sh: 1: ethtool: not found
/bin/sh: 1: ethtool: not found
/bin/sh: 1: ethtool: not found
2021-08-16 23:56:52: Device ens3 has been activated.
2021-08-16 23:56:52: Network status (after activating devices): 
2021-08-16 23:56:52: LINKS
2021-08-16 23:56:52: 1: lo: <LOOPBACK,UP,LOWER_UP> mtu 65536 qdisc noqueue state UNKNOWN mode DEFAULT group default qlen 1000
2021-08-16 23:56:52:     link/loopback 00:00:00:00:00:00 brd 00:00:00:00:00:00
2021-08-16 23:56:52: 2: ens3: <BROADCAST,MULTICAST,UP,LOWER_UP> mtu 1500 qdisc mq state UP mode DEFAULT group default qlen 1000
2021-08-16 23:56:52:     link/ether 56:00:03:85:82:df brd ff:ff:ff:ff:ff:ff
2021-08-16 23:56:52: 
2021-08-16 23:56:52: ADDRESSES
2021-08-16 23:56:52: 1: lo: <LOOPBACK,UP,LOWER_UP> mtu 65536 qdisc noqueue state UNKNOWN group default qlen 1000
2021-08-16 23:56:52:     link/loopback 00:00:00:00:00:00 brd 00:00:00:00:00:00
2021-08-16 23:56:52:     inet 127.0.0.1/8 scope host lo
2021-08-16 23:56:52:        valid_lft forever preferred_lft forever
2021-08-16 23:56:52:     inet6 ::1/128 scope host 
2021-08-16 23:56:52:        valid_lft forever preferred_lft forever
2021-08-16 23:56:52: 2: ens3: <BROADCAST,MULTICAST,UP,LOWER_UP> mtu 1500 qdisc mq state UP group default qlen 1000
2021-08-16 23:56:52:     link/ether 56:00:03:85:82:df brd ff:ff:ff:ff:ff:ff
2021-08-16 23:56:52:     inet 158.247.223.84/23 brd 158.247.223.255 scope global dynamic ens3
2021-08-16 23:56:52:        valid_lft 86400sec preferred_lft 86400sec
2021-08-16 23:56:52:     inet6 fe80::5400:3ff:fe85:82df/64 scope link tentative 
2021-08-16 23:56:52:        valid_lft forever preferred_lft forever
2021-08-16 23:56:52: 
2021-08-16 23:56:52: ROUTES
2021-08-16 23:56:52: default via 158.247.222.1 dev ens3 
2021-08-16 23:56:52: 158.247.222.0/23 dev ens3 proto kernel scope link src 158.247.223.84 
2021-08-16 23:56:52: 169.254.169.254 via 158.247.222.1 dev ens3 
2021-08-16 23:56:52: 
2021-08-16 23:56:52: Done.
Removed /etc/systemd/system/multi-user.target.wants/ethcon.service.
