
Start-Date: 2021-09-05  18:24:36
Commandline: apt install zlib1g-dev
Requested-By: adam (1001)
Install: zlib1g-dev:amd64 (1:1.2.11.dfsg-1)
End-Date: 2021-09-05  18:24:37

Start-Date: 2021-09-05  18:42:36
Commandline: apt-get install libffi-dev
Install: libffi-dev:amd64 (3.2.1-9)
End-Date: 2021-09-05  18:42:36

Start-Date: 2021-09-05  18:45:31
Commandline: apt install docker
Requested-By: adam (1001)
Install: docker:amd64 (1.5-2), wmdocker:amd64 (1.5-2, automatic)
End-Date: 2021-09-05  18:45:31

Start-Date: 2021-09-05  19:13:37
Commandline: apt install python-psycopg2
Requested-By: adam (1001)
Install: libpq5:amd64 (11.12-0+deb10u1, automatic), python-psycopg2:amd64 (2.7.7-1), python-egenix-mxtools:amd64 (3.2.9-1, automatic), python-egenix-mxdatetime:amd64 (3.2.9-1, automatic)
End-Date: 2021-09-05  19:13:38

Start-Date: 2021-09-05  19:14:22
Commandline: apt install postgresql-server-dev-11
Requested-By: adam (1001)
Install: postgresql-common:amd64 (200+deb10u4, automatic), libobjc-8-dev:amd64 (8.3.0-6, automatic), libllvm7:amd64 (1:7.0.1-8+deb10u2, automatic), lib32stdc++6:amd64 (8.3.0-6, automatic), libomp-7-dev:amd64 (1:7.0.1-8+deb10u2, automatic), libobjc4:amd64 (8.3.0-6, automatic), clang-7:amd64 (1:7.0.1-8+deb10u2, automatic), libomp5-7:amd64 (1:7.0.1-8+deb10u2, automatic), libclang-common-7-dev:amd64 (1:7.0.1-8+deb10u2, automatic), libpq-dev:amd64 (11.12-0+deb10u1, automatic), lib32gcc1:amd64 (1:8.3.0-6, automatic), libc6-i386:amd64 (2.28-10, automatic), libtinfo-dev:amd64 (6.1+20181013-2+deb10u2, automatic), binfmt-support:amd64 (2.2.0-2, automatic), llvm-7-dev:amd64 (1:7.0.1-8+deb10u2, automatic), libncurses-dev:amd64 (6.1+20181013-2+deb10u2, automatic), postgresql-server-dev-11:amd64 (11.12-0+deb10u1), llvm-7-runtime:amd64 (1:7.0.1-8+deb10u2, automatic), libclang1-7:amd64 (1:7.0.1-8+deb10u2, automatic), llvm-7:amd64 (1:7.0.1-8+deb10u2, automatic), postgresql-client-common:amd64 (200+deb10u4, automatic)
End-Date: 2021-09-05  19:14:34

Start-Date: 2021-09-05  19:14:51
Commandline: apt install postgresql-server-dev-all
Requested-By: adam (1001)
Install: postgresql-server-dev-all:amd64 (200+deb10u4), dctrl-tools:amd64 (2.24-3, automatic)
End-Date: 2021-09-05  19:14:52

Start-Date: 2021-09-05  19:18:02
Commandline: apt install postgresql-client
Requested-By: adam (1001)
Install: postgresql-client:amd64 (11+200+deb10u4), postgresql-client-11:amd64 (11.12-0+deb10u1, automatic)
End-Date: 2021-09-05  19:18:03

Start-Date: 2021-09-05  19:22:26
Commandline: apt install postgresql
Requested-By: adam (1001)
Install: sysstat:amd64 (12.0.3-2, automatic), postgresql-11:amd64 (11.12-0+deb10u1, automatic), postgresql:amd64 (11+200+deb10u4)
End-Date: 2021-09-05  19:22:36
